2024-11-26 16:57:15 +0000  [[31mERROR[39m] : Error: тип Unable to compile TypeScript:
src/app.ts(76,34): error TS2554: Expected 0 arguments, but got 1.

    at Object.<anonymous> (/mnt/d/Jungle/match-chat-ms/src/app.ts:1:7)
    at Module._compile (node:internal/modules/cjs/loader:1469:14)
    at Module._compile (/mnt/d/Jungle/match-chat-ms/node_modules/source-map-support/source-map-support.js:521:25)
    at Module.m._compile (/tmp/ts-node-dev-hook-8610044856047365.js:69:33)
    at Module._extensions..js (node:internal/modules/cjs/loader:1548:10)
    at require.extensions..jsx.require.extensions..js (/tmp/ts-node-dev-hook-8610044856047365.js:114:20)
    at require.extensions.<computed> (/tmp/ts-node-dev-hook-8610044856047365.js:71:20)
    at Object.nodeDevHook [as .ts] (/mnt/d/Jungle/match-chat-ms/node_modules/ts-node-dev/lib/hook.js:63:13)
    at Module.load (node:internal/modules/cjs/loader:1288:32)
    at Function.Module._load (node:internal/modules/cjs/loader:1104:12)
2024-11-26 17:01:09 +0000  [[31mERROR[39m] : Error: тип Unable to compile TypeScript:
src/app.ts(10,18): error TS7016: Could not find a declaration file for module 'cors'. '/mnt/d/Jungle/match-chat-ms/node_modules/cors/lib/index.js' implicitly has an 'any' type.
  Try `npm i --save-dev @types/cors` if it exists or add a new declaration (.d.ts) file containing `declare module 'cors';`
src/app.ts(97,34): error TS2554: Expected 0 arguments, but got 1.

    at Object.<anonymous> (/mnt/d/Jungle/match-chat-ms/src/app.ts:1:7)
    at Module._compile (node:internal/modules/cjs/loader:1469:14)
    at Module._compile (/mnt/d/Jungle/match-chat-ms/node_modules/source-map-support/source-map-support.js:521:25)
    at Module.m._compile (/tmp/ts-node-dev-hook-8610044856047365.js:69:33)
    at Module._extensions..js (node:internal/modules/cjs/loader:1548:10)
    at require.extensions..jsx.require.extensions..js (/tmp/ts-node-dev-hook-8610044856047365.js:114:20)
    at require.extensions.<computed> (/tmp/ts-node-dev-hook-8610044856047365.js:71:20)
    at Object.nodeDevHook [as .ts] (/mnt/d/Jungle/match-chat-ms/node_modules/ts-node-dev/lib/hook.js:63:13)
    at Module.load (node:internal/modules/cjs/loader:1288:32)
    at Function.Module._load (node:internal/modules/cjs/loader:1104:12)
2024-11-26 17:02:20 +0000  [[31mERROR[39m] : Error: тип Unable to compile TypeScript:
src/app.ts(10,18): error TS7016: Could not find a declaration file for module 'cors'. '/mnt/d/Jungle/match-chat-ms/node_modules/cors/lib/index.js' implicitly has an 'any' type.
  Try `npm i --save-dev @types/cors` if it exists or add a new declaration (.d.ts) file containing `declare module 'cors';`
src/app.ts(46,15): error TS2304: Cannot find name 'req'.
src/app.ts(47,15): error TS2304: Cannot find name 'req'.
src/app.ts(48,21): error TS2304: Cannot find name 'req'.
src/app.ts(49,21): error TS2304: Cannot find name 'req'.
src/app.ts(49,31): error TS2304: Cannot find name 'req'.
src/app.ts(60,18): error TS2304: Cannot find name 'req'.
src/app.ts(60,32): error TS2304: Cannot find name 'req'.
src/app.ts(102,34): error TS2554: Expected 0 arguments, but got 1.

    at Object.<anonymous> (/mnt/d/Jungle/match-chat-ms/src/app.ts:1:7)
    at Module._compile (node:internal/modules/cjs/loader:1469:14)
    at Module._compile (/mnt/d/Jungle/match-chat-ms/node_modules/source-map-support/source-map-support.js:521:25)
    at Module.m._compile (/tmp/ts-node-dev-hook-8610044856047365.js:69:33)
    at Module._extensions..js (node:internal/modules/cjs/loader:1548:10)
    at require.extensions..jsx.require.extensions..js (/tmp/ts-node-dev-hook-8610044856047365.js:114:20)
    at require.extensions.<computed> (/tmp/ts-node-dev-hook-8610044856047365.js:71:20)
    at Object.nodeDevHook [as .ts] (/mnt/d/Jungle/match-chat-ms/node_modules/ts-node-dev/lib/hook.js:63:13)
    at Module.load (node:internal/modules/cjs/loader:1288:32)
    at Function.Module._load (node:internal/modules/cjs/loader:1104:12)
2024-11-26 17:02:20 +0000  [[31mERROR[39m] : Error: write EPIPE
    at process.target._send (node:internal/child_process:879:20)
    at process.target.send (node:internal/child_process:752:19)
    at Object.exports.send (/mnt/d/Jungle/match-chat-ms/node_modules/ts-node-dev/lib/ipc.js:17:14)
    at process.<anonymous> (/mnt/d/Jungle/match-chat-ms/node_modules/ts-node-dev/lib/wrap.js:78:9)
    at process.emit (node:events:531:35)
    at process.emit (/mnt/d/Jungle/match-chat-ms/node_modules/source-map-support/source-map-support.js:465:21)
    at process._fatalException (node:internal/process/execution:188:25)
2024-11-26 17:06:48 +0000  [[31mERROR[39m] : Error: тип Unable to compile TypeScript:
src/app.ts(84,34): error TS2554: Expected 0 arguments, but got 1.

    at Object.<anonymous> (/mnt/d/Jungle/match-chat-ms/src/app.ts:1:7)
    at Module._compile (node:internal/modules/cjs/loader:1469:14)
    at Module._compile (/mnt/d/Jungle/match-chat-ms/node_modules/source-map-support/source-map-support.js:521:25)
    at Module.m._compile (/tmp/ts-node-dev-hook-9285402101153044.js:69:33)
    at Module._extensions..js (node:internal/modules/cjs/loader:1548:10)
    at require.extensions..jsx.require.extensions..js (/tmp/ts-node-dev-hook-9285402101153044.js:114:20)
    at require.extensions.<computed> (/tmp/ts-node-dev-hook-9285402101153044.js:71:20)
    at Object.nodeDevHook [as .ts] (/mnt/d/Jungle/match-chat-ms/node_modules/ts-node-dev/lib/hook.js:63:13)
    at Module.load (node:internal/modules/cjs/loader:1288:32)
    at Function.Module._load (node:internal/modules/cjs/loader:1104:12)
2024-11-26 17:21:40 +0000  [[31mERROR[39m] : Error: тип Unable to compile TypeScript:
src/app.ts(7,22): error TS2307: Cannot find module 'passport' or its corresponding type declarations.
src/app.ts(86,34): error TS2554: Expected 0 arguments, but got 1.

    at Object.<anonymous> (/mnt/d/Jungle/match-chat-ms/src/app.ts:1:7)
    at Module._compile (node:internal/modules/cjs/loader:1469:14)
    at Module._compile (/mnt/d/Jungle/match-chat-ms/node_modules/source-map-support/source-map-support.js:521:25)
    at Module.m._compile (/tmp/ts-node-dev-hook-20783954777100888.js:69:33)
    at Module._extensions..js (node:internal/modules/cjs/loader:1548:10)
    at require.extensions..jsx.require.extensions..js (/tmp/ts-node-dev-hook-20783954777100888.js:114:20)
    at require.extensions.<computed> (/tmp/ts-node-dev-hook-20783954777100888.js:71:20)
    at Object.nodeDevHook [as .ts] (/mnt/d/Jungle/match-chat-ms/node_modules/ts-node-dev/lib/hook.js:63:13)
    at Module.load (node:internal/modules/cjs/loader:1288:32)
    at Function.Module._load (node:internal/modules/cjs/loader:1104:12)
2024-11-26 17:22:22 +0000  [[31mERROR[39m] : Error: тип Unable to compile TypeScript:
src/app.ts(85,34): error TS2554: Expected 0 arguments, but got 1.

    at Object.<anonymous> (/mnt/d/Jungle/match-chat-ms/src/app.ts:1:7)
    at Module._compile (node:internal/modules/cjs/loader:1469:14)
    at Module._compile (/mnt/d/Jungle/match-chat-ms/node_modules/source-map-support/source-map-support.js:521:25)
    at Module.m._compile (/tmp/ts-node-dev-hook-20783954777100888.js:69:33)
    at Module._extensions..js (node:internal/modules/cjs/loader:1548:10)
    at require.extensions..jsx.require.extensions..js (/tmp/ts-node-dev-hook-20783954777100888.js:114:20)
    at require.extensions.<computed> (/tmp/ts-node-dev-hook-20783954777100888.js:71:20)
    at Object.nodeDevHook [as .ts] (/mnt/d/Jungle/match-chat-ms/node_modules/ts-node-dev/lib/hook.js:63:13)
    at Module.load (node:internal/modules/cjs/loader:1288:32)
    at Function.Module._load (node:internal/modules/cjs/loader:1104:12)
2024-11-26 17:25:30 +0000  [[31mERROR[39m] : Error: тип Unable to compile TypeScript:
src/app.ts(85,34): error TS2554: Expected 0 arguments, but got 1.

    at Object.<anonymous> (/mnt/d/Jungle/match-chat-ms/src/app.ts:1:7)
    at Module._compile (node:internal/modules/cjs/loader:1469:14)
    at Module._compile (/mnt/d/Jungle/match-chat-ms/node_modules/source-map-support/source-map-support.js:521:25)
    at Module.m._compile (/tmp/ts-node-dev-hook-20783954777100888.js:69:33)
    at Module._extensions..js (node:internal/modules/cjs/loader:1548:10)
    at require.extensions..jsx.require.extensions..js (/tmp/ts-node-dev-hook-20783954777100888.js:114:20)
    at require.extensions.<computed> (/tmp/ts-node-dev-hook-20783954777100888.js:71:20)
    at Object.nodeDevHook [as .ts] (/mnt/d/Jungle/match-chat-ms/node_modules/ts-node-dev/lib/hook.js:63:13)
    at Module.load (node:internal/modules/cjs/loader:1288:32)
    at Function.Module._load (node:internal/modules/cjs/loader:1104:12)
2024-11-26 17:30:40 +0000  [[31mERROR[39m] : Error: тип Unable to compile TypeScript:
src/app.ts(87,34): error TS2554: Expected 0 arguments, but got 1.

    at Object.<anonymous> (/mnt/d/Jungle/match-chat-ms/src/app.ts:1:7)
    at Module._compile (node:internal/modules/cjs/loader:1469:14)
    at Module._compile (/mnt/d/Jungle/match-chat-ms/node_modules/source-map-support/source-map-support.js:521:25)
    at Module.m._compile (/tmp/ts-node-dev-hook-6171750130756455.js:69:33)
    at Module._extensions..js (node:internal/modules/cjs/loader:1548:10)
    at require.extensions..jsx.require.extensions..js (/tmp/ts-node-dev-hook-6171750130756455.js:114:20)
    at require.extensions.<computed> (/tmp/ts-node-dev-hook-6171750130756455.js:71:20)
    at Object.nodeDevHook [as .ts] (/mnt/d/Jungle/match-chat-ms/node_modules/ts-node-dev/lib/hook.js:63:13)
    at Module.load (node:internal/modules/cjs/loader:1288:32)
    at Function.Module._load (node:internal/modules/cjs/loader:1104:12)
2024-11-26 17:32:23 +0000  [[31mERROR[39m] : Error: тип Unable to compile TypeScript:
src/app.ts(88,34): error TS2554: Expected 0 arguments, but got 1.

    at Object.<anonymous> (/mnt/d/Jungle/match-chat-ms/src/app.ts:1:7)
    at Module._compile (node:internal/modules/cjs/loader:1469:14)
    at Module._compile (/mnt/d/Jungle/match-chat-ms/node_modules/source-map-support/source-map-support.js:521:25)
    at Module.m._compile (/tmp/ts-node-dev-hook-6171750130756455.js:69:33)
    at Module._extensions..js (node:internal/modules/cjs/loader:1548:10)
    at require.extensions..jsx.require.extensions..js (/tmp/ts-node-dev-hook-6171750130756455.js:114:20)
    at require.extensions.<computed> (/tmp/ts-node-dev-hook-6171750130756455.js:71:20)
    at Object.nodeDevHook [as .ts] (/mnt/d/Jungle/match-chat-ms/node_modules/ts-node-dev/lib/hook.js:63:13)
    at Module.load (node:internal/modules/cjs/loader:1288:32)
    at Function.Module._load (node:internal/modules/cjs/loader:1104:12)
2024-11-26 17:42:01 +0000  [[31mERROR[39m] : Error: тип Unable to compile TypeScript:
src/app.ts(89,34): error TS2554: Expected 0 arguments, but got 1.

    at Object.<anonymous> (/mnt/d/Jungle/match-chat-ms/src/app.ts:1:7)
    at Module._compile (node:internal/modules/cjs/loader:1469:14)
    at Module._compile (/mnt/d/Jungle/match-chat-ms/node_modules/source-map-support/source-map-support.js:521:25)
    at Module.m._compile (/tmp/ts-node-dev-hook-6171750130756455.js:69:33)
    at Module._extensions..js (node:internal/modules/cjs/loader:1548:10)
    at require.extensions..jsx.require.extensions..js (/tmp/ts-node-dev-hook-6171750130756455.js:114:20)
    at require.extensions.<computed> (/tmp/ts-node-dev-hook-6171750130756455.js:71:20)
    at Object.nodeDevHook [as .ts] (/mnt/d/Jungle/match-chat-ms/node_modules/ts-node-dev/lib/hook.js:63:13)
    at Module.load (node:internal/modules/cjs/loader:1288:32)
    at Function.Module._load (node:internal/modules/cjs/loader:1104:12)
2024-11-26 17:42:40 +0000  [[31mERROR[39m] : Error: тип Unable to compile TypeScript:
src/app.ts(89,34): error TS2554: Expected 0 arguments, but got 1.

    at Object.<anonymous> (/mnt/d/Jungle/match-chat-ms/src/app.ts:1:7)
    at Module._compile (node:internal/modules/cjs/loader:1469:14)
    at Module._compile (/mnt/d/Jungle/match-chat-ms/node_modules/source-map-support/source-map-support.js:521:25)
    at Module.m._compile (/tmp/ts-node-dev-hook-6171750130756455.js:69:33)
    at Module._extensions..js (node:internal/modules/cjs/loader:1548:10)
    at require.extensions..jsx.require.extensions..js (/tmp/ts-node-dev-hook-6171750130756455.js:114:20)
    at require.extensions.<computed> (/tmp/ts-node-dev-hook-6171750130756455.js:71:20)
    at Object.nodeDevHook [as .ts] (/mnt/d/Jungle/match-chat-ms/node_modules/ts-node-dev/lib/hook.js:63:13)
    at Module.load (node:internal/modules/cjs/loader:1288:32)
    at Function.Module._load (node:internal/modules/cjs/loader:1104:12)
2024-11-26 17:43:59 +0000  [[31mERROR[39m] : Error: тип Unable to compile TypeScript:
src/app.ts(16,25): error TS2307: Cannot find module './routes/quiz/quizRoute' or its corresponding type declarations.
src/app.ts(17,28): error TS2307: Cannot find module './routes/attempt/attemptRoute' or its corresponding type declarations.
src/app.ts(21,27): error TS2307: Cannot find module './entity/quizAttempt' or its corresponding type declarations.
src/app.ts(22,31): error TS2307: Cannot find module './services/getQuizDuration' or its corresponding type declarations.
src/app.ts(26,23): error TS2307: Cannot find module './entity/attempt' or its corresponding type declarations.
src/app.ts(110,34): error TS2554: Expected 0 arguments, but got 1.

    at Object.<anonymous> (/mnt/d/Jungle/match-chat-ms/src/app.ts:1:7)
    at Module._compile (node:internal/modules/cjs/loader:1469:14)
    at Module._compile (/mnt/d/Jungle/match-chat-ms/node_modules/source-map-support/source-map-support.js:521:25)
    at Module.m._compile (/tmp/ts-node-dev-hook-6171750130756455.js:69:33)
    at Module._extensions..js (node:internal/modules/cjs/loader:1548:10)
    at require.extensions..jsx.require.extensions..js (/tmp/ts-node-dev-hook-6171750130756455.js:114:20)
    at require.extensions.<computed> (/tmp/ts-node-dev-hook-6171750130756455.js:71:20)
    at Object.nodeDevHook [as .ts] (/mnt/d/Jungle/match-chat-ms/node_modules/ts-node-dev/lib/hook.js:63:13)
    at Module.load (node:internal/modules/cjs/loader:1288:32)
    at Function.Module._load (node:internal/modules/cjs/loader:1104:12)
2024-11-26 17:43:59 +0000  [[31mERROR[39m] : Error: write EPIPE
    at process.target._send (node:internal/child_process:879:20)
    at process.target.send (node:internal/child_process:752:19)
    at Object.exports.send (/mnt/d/Jungle/match-chat-ms/node_modules/ts-node-dev/lib/ipc.js:17:14)
    at process.<anonymous> (/mnt/d/Jungle/match-chat-ms/node_modules/ts-node-dev/lib/wrap.js:78:9)
    at process.emit (node:events:531:35)
    at process.emit (/mnt/d/Jungle/match-chat-ms/node_modules/source-map-support/source-map-support.js:465:21)
    at process._fatalException (node:internal/process/execution:188:25)
2024-11-26 17:44:53 +0000  [[31mERROR[39m] : Error: тип Unable to compile TypeScript:
src/app.ts(102,34): error TS2554: Expected 0 arguments, but got 1.
src/app.ts(126,55): error TS2304: Cannot find name 'QuizAttempt'.
src/app.ts(133,43): error TS2304: Cannot find name 'QuizAttempt'.
src/app.ts(162,32): error TS2304: Cannot find name 'getQuizDuration'.
src/app.ts(165,55): error TS2304: Cannot find name 'QuizAttempt'.
src/app.ts(177,43): error TS2304: Cannot find name 'QuizAttempt'.
src/app.ts(206,11): error TS2304: Cannot find name 'handleSaveAttempt'.
src/app.ts(209,11): error TS2304: Cannot find name 'handleDeleteAttempt'.

    at Object.<anonymous> (/mnt/d/Jungle/match-chat-ms/src/app.ts:1:7)
    at Module._compile (node:internal/modules/cjs/loader:1469:14)
    at Module._compile (/mnt/d/Jungle/match-chat-ms/node_modules/source-map-support/source-map-support.js:521:25)
    at Module.m._compile (/tmp/ts-node-dev-hook-6171750130756455.js:69:33)
    at Module._extensions..js (node:internal/modules/cjs/loader:1548:10)
    at require.extensions..jsx.require.extensions..js (/tmp/ts-node-dev-hook-6171750130756455.js:114:20)
    at require.extensions.<computed> (/tmp/ts-node-dev-hook-6171750130756455.js:71:20)
    at Object.nodeDevHook [as .ts] (/mnt/d/Jungle/match-chat-ms/node_modules/ts-node-dev/lib/hook.js:63:13)
    at Module.load (node:internal/modules/cjs/loader:1288:32)
    at Function.Module._load (node:internal/modules/cjs/loader:1104:12)
2024-11-26 17:44:53 +0000  [[31mERROR[39m] : Error: write EPIPE
    at process.target._send (node:internal/child_process:879:20)
    at process.target.send (node:internal/child_process:752:19)
    at Object.exports.send (/mnt/d/Jungle/match-chat-ms/node_modules/ts-node-dev/lib/ipc.js:17:14)
    at process.<anonymous> (/mnt/d/Jungle/match-chat-ms/node_modules/ts-node-dev/lib/wrap.js:78:9)
    at process.emit (node:events:531:35)
    at process.emit (/mnt/d/Jungle/match-chat-ms/node_modules/source-map-support/source-map-support.js:465:21)
    at process._fatalException (node:internal/process/execution:188:25)
2024-11-26 17:46:11 +0000  [[31mERROR[39m] : Error: тип Unable to compile TypeScript:
src/app.ts(102,34): error TS2554: Expected 0 arguments, but got 1.
src/app.ts(126,55): error TS2304: Cannot find name 'QuizAttempt'.
src/app.ts(133,43): error TS2304: Cannot find name 'QuizAttempt'.

    at Object.<anonymous> (/mnt/d/Jungle/match-chat-ms/src/app.ts:1:7)
    at Module._compile (node:internal/modules/cjs/loader:1469:14)
    at Module._compile (/mnt/d/Jungle/match-chat-ms/node_modules/source-map-support/source-map-support.js:521:25)
    at Module.m._compile (/tmp/ts-node-dev-hook-6489131073786689.js:69:33)
    at Module._extensions..js (node:internal/modules/cjs/loader:1548:10)
    at require.extensions..jsx.require.extensions..js (/tmp/ts-node-dev-hook-6489131073786689.js:114:20)
    at require.extensions.<computed> (/tmp/ts-node-dev-hook-6489131073786689.js:71:20)
    at Object.nodeDevHook [as .ts] (/mnt/d/Jungle/match-chat-ms/node_modules/ts-node-dev/lib/hook.js:63:13)
    at Module.load (node:internal/modules/cjs/loader:1288:32)
    at Function.Module._load (node:internal/modules/cjs/loader:1104:12)
2024-11-26 17:48:16 +0000  [[31mERROR[39m] : Error: тип Unable to compile TypeScript:
src/app.ts(89,34): error TS2554: Expected 0 arguments, but got 1.

    at Object.<anonymous> (/mnt/d/Jungle/match-chat-ms/src/app.ts:1:7)
    at Module._compile (node:internal/modules/cjs/loader:1469:14)
    at Module._compile (/mnt/d/Jungle/match-chat-ms/node_modules/source-map-support/source-map-support.js:521:25)
    at Module.m._compile (/tmp/ts-node-dev-hook-6489131073786689.js:69:33)
    at Module._extensions..js (node:internal/modules/cjs/loader:1548:10)
    at require.extensions..jsx.require.extensions..js (/tmp/ts-node-dev-hook-6489131073786689.js:114:20)
    at require.extensions.<computed> (/tmp/ts-node-dev-hook-6489131073786689.js:71:20)
    at Object.nodeDevHook [as .ts] (/mnt/d/Jungle/match-chat-ms/node_modules/ts-node-dev/lib/hook.js:63:13)
    at Module.load (node:internal/modules/cjs/loader:1288:32)
    at Function.Module._load (node:internal/modules/cjs/loader:1104:12)
